2026-07-21 16:26:10,615 [INFO] Processing: VLC Media Player
2026-07-21 16:26:10,884 [ERROR] Failed for 'VLC Media Player': No valid software image found. 
2026-07-21 16:26:10,885 [INFO] Processing: Mozilla Firefox
2026-07-21 16:26:11,087 [ERROR] Failed for 'Mozilla Firefox': No valid software image found. 
2026-07-21 16:26:11,087 [INFO] Processing: Google Chrome
2026-07-21 16:26:11,261 [ERROR] Failed for 'Google Chrome': No valid software image found. 
2026-07-21 16:26:11,262 [INFO] Processing: 7-Zip
2026-07-21 16:26:11,438 [ERROR] Failed for '7-Zip': No valid software image found. 
2026-07-21 16:26:11,439 [INFO] Processing: LibreOffice
2026-07-21 16:26:11,637 [ERROR] Failed for 'LibreOffice': No valid software image found. 
2026-07-21 16:26:11,638 [INFO] Processing: Audacity
2026-07-21 16:26:11,812 [ERROR] Failed for 'Audacity': No valid software image found. 
2026-07-21 16:26:11,813 [INFO] Processing: GIMP
2026-07-21 16:26:11,987 [ERROR] Failed for 'GIMP': No valid software image found. 
2026-07-21 16:26:11,987 [INFO] Processing: OBS Studio
2026-07-21 16:26:12,054 [ERROR] Failed for 'OBS Studio': No valid software image found. 
2026-07-21 16:26:12,054 [INFO] Processing: Blender
2026-07-21 16:26:12,122 [ERROR] Failed for 'Blender': No valid software image found. 
2026-07-21 16:26:12,122 [INFO] Processing: Notepad++
2026-07-21 16:26:12,190 [ERROR] Failed for 'Notepad++': No valid software image found. 
2026-07-21 16:26:12,190 [INFO] Processing: FileZilla
2026-07-21 16:26:12,263 [ERROR] Failed for 'FileZilla': No valid software image found. 
2026-07-21 16:26:12,263 [INFO] Processing: HandBrake
2026-07-21 16:26:12,333 [ERROR] Failed for 'HandBrake': No valid software image found. 
2026-07-21 16:26:12,334 [INFO] Processing: Inkscape
2026-07-21 16:26:12,399 [ERROR] Failed for 'Inkscape': No valid software image found. 
2026-07-21 16:26:12,400 [INFO] Processing: Thunderbird
2026-07-21 16:26:12,465 [ERROR] Failed for 'Thunderbird': No valid software image found. 
2026-07-21 16:26:12,465 [INFO] Processing: VirtualBox
2026-07-21 16:26:12,535 [ERROR] Failed for 'VirtualBox': No valid software image found. 
2026-07-21 16:26:12,535 [INFO] Processing: WinSCP
2026-07-21 16:26:12,599 [ERROR] Failed for 'WinSCP': No valid software image found. 
2026-07-21 16:26:12,600 [INFO] Processing: Calibre
2026-07-21 16:26:12,675 [ERROR] Failed for 'Calibre': No valid software image found. 
2026-07-21 16:26:12,675 [INFO] Processing: ShareX
2026-07-21 16:26:12,738 [ERROR] Failed for 'ShareX': No valid software image found. 
2026-07-21 16:26:12,739 [INFO] Processing: KeePass
2026-07-21 16:26:12,804 [ERROR] Failed for 'KeePass': No valid software image found. 
2026-07-21 16:26:12,804 [INFO] Processing: Python
2026-07-21 16:26:12,871 [ERROR] Failed for 'Python': No valid software image found. 
2026-07-21 16:26:12,872 [ERROR] No photo post was published in this run.
